<?xml version="1.0" encoding="UTF-8"?>
<testsuites name="Sing in and reset user" time="54.441" tests="4" failures="0" errors="0">
   <testsuite name="Sing in and reset user" tests="4" failures="0" errors="0" time="54.441" skipped="0" timestamp="2021-12-08 11:39:31" hostname="alexandervcherashnii - 192.168.1.11" id="Test Suites/Regression/Sing in and reset user">
      <properties>
         <property name="deviceName" value="Google Pixel 2 (Android 11)"/>
         <property name="devicePlatform" value=""/>
         <property name="logFolder" value="/Users/Alexander/git/ClaweeAndroid/Reports/20211208_113929/Regression/Sing in and reset user/20211208_113929"/>
         <property name="logFiles" value="/Users/Alexander/git/ClaweeAndroid/Reports/20211208_113929/Regression/Sing in and reset user/20211208_113929/execution0.log, /Users/Alexander/git/ClaweeAndroid/Reports/20211208_113929/Regression/Sing in and reset user/20211208_113929/appium.log"/>
         <property name="attachments" value=""/>
         <property name="hostName" value="alexandervcherashnii - 192.168.1.11"/>
         <property name="os" value="Mac OS X 64bit"/>
         <property name="appiumServerStatus" value="{&quot;value&quot;:{&quot;build&quot;:{&quot;version&quot;:&quot;1.22.0&quot;}},&quot;sessionId&quot;:null,&quot;status&quot;:0}"/>
         <property name="katalonVersion" value="8.2.0.208"/>
         <property name="deviceOS" value="Android"/>
         <property name="appiumVersion" value="1.22.0"/>
         <property name="deviceModel" value="Pixel 2"/>
         <property name="hostAddress" value="192.168.1.11"/>
         <property name="deviceManufacturer" value="Google"/>
         <property name="deviceId" value="FA84A1A00616"/>
         <property name="deviceName" value="Google Pixel 2 (Android 11)"/>
         <property name="deviceOSVersion" value="11"/>
      </properties>
      <testcase name="Test Cases/Start page/Sing In" time="20.156" classname="Test Cases/Start page/Sing In" status="PASSED">
         <system-out><![CDATA[2021-12-08 11:39:32 - [TEST_CASE][PASSED] - Test Cases/Start page/Sing In: Test Cases/Start page/Sing In

2021-12-08 11:39:32 - [TEST_STEP][PASSED] - startExistingApplication("com.gigantic.clawee", STOP_ON_FAILURE): Starting app with application ID: 'com.gigantic.clawee'

2021-12-08 11:39:33 - [MESSAGE][INFO] - Appium server started on port 59,734

2021-12-08 11:39:44 - [MESSAGE][PASSED] - Starting app with application ID: 'com.gigantic.clawee'

2021-12-08 11:39:44 - [TEST_STEP][PASSED] - tap(findTestObject("Start page/Connect button/Connect with Email/Connect with E-mail"), 0): Tapped on element 'Object Repository/Start page/Connect button/Connect with Email/Connect with E-mail'

2021-12-08 11:39:44 - [MESSAGE][WARNING] - Timeout '0' is invalid. Using default page load timeout: '30'

2021-12-08 11:39:45 - [MESSAGE][PASSED] - Tapped on element 'Object Repository/Start page/Connect button/Connect with Email/Connect with E-mail'

2021-12-08 11:39:45 - [TEST_STEP][PASSED] - tap(findTestObject("Start page/Connect button/Sing in/Already signed up Sign in"), 0): Tapped on element 'Object Repository/Start page/Connect button/Sing in/Already signed up Sign in'

2021-12-08 11:39:45 - [MESSAGE][WARNING] - Timeout '0' is invalid. Using default page load timeout: '30'

2021-12-08 11:39:46 - [MESSAGE][PASSED] - Tapped on element 'Object Repository/Start page/Connect button/Sing in/Already signed up Sign in'

2021-12-08 11:39:46 - [TEST_STEP][PASSED] - setText(findTestObject("Start page/Connect button/Connect with Email/E-mail"), "alex.qa.eng+77@gmail.com", 0): Text 'alex.qa.eng+77@gmail.com' has been set to element 'Object Repository/Start page/Connect button/Connect with Email/E-mail'

2021-12-08 11:39:46 - [MESSAGE][WARNING] - Timeout '0' is invalid. Using default page load timeout: '30'

2021-12-08 11:39:48 - [MESSAGE][PASSED] - Text 'alex.qa.eng+77@gmail.com' has been set to element 'Object Repository/Start page/Connect button/Connect with Email/E-mail'

2021-12-08 11:39:48 - [TEST_STEP][PASSED] - setText(findTestObject("Start page/Connect button/Connect with Email/Password"), "Alex0611", 0): Text 'Alex0611' has been set to element 'Object Repository/Start page/Connect button/Connect with Email/Password'

2021-12-08 11:39:48 - [MESSAGE][WARNING] - Timeout '0' is invalid. Using default page load timeout: '30'

2021-12-08 11:39:50 - [MESSAGE][PASSED] - Text 'Alex0611' has been set to element 'Object Repository/Start page/Connect button/Connect with Email/Password'

2021-12-08 11:39:50 - [TEST_STEP][PASSED] - tap(findTestObject("Start page/Connect button/Sing in/Sign in"), 0): Tapped on element 'Object Repository/Start page/Connect button/Sing in/Sign in'

2021-12-08 11:39:50 - [MESSAGE][WARNING] - Timeout '0' is invalid. Using default page load timeout: '30'

2021-12-08 11:39:52 - [MESSAGE][PASSED] - Tapped on element 'Object Repository/Start page/Connect button/Sing in/Sign in']]></system-out>
         <system-err><![CDATA[]]></system-err>
      </testcase>
      <testcase name="Test Cases/Start page/6 welcome screens" time="26.335" classname="Test Cases/Start page/6 welcome screens" status="PASSED">
         <system-out><![CDATA[2021-12-08 11:39:52 - [TEST_CASE][PASSED] - Test Cases/Start page/6 welcome screens: Test Cases/Start page/6 welcome screens

2021-12-08 11:39:52 - [TEST_STEP][PASSED] - tap(findTestObject("Start game/6 welcome screens/Next"), 0): Tapped on element 'Object Repository/Start game/6 welcome screens/Next'

2021-12-08 11:39:52 - [MESSAGE][WARNING] - Timeout '0' is invalid. Using default page load timeout: '30'

2021-12-08 11:40:13 - [MESSAGE][PASSED] - Tapped on element 'Object Repository/Start game/6 welcome screens/Next'

2021-12-08 11:40:13 - [TEST_STEP][PASSED] - tap(findTestObject("Start game/6 welcome screens/Next"), 0): Tapped on element 'Object Repository/Start game/6 welcome screens/Next'

2021-12-08 11:40:13 - [MESSAGE][WARNING] - Timeout '0' is invalid. Using default page load timeout: '30'

2021-12-08 11:40:14 - [MESSAGE][PASSED] - Tapped on element 'Object Repository/Start game/6 welcome screens/Next'

2021-12-08 11:40:14 - [TEST_STEP][PASSED] - tap(findTestObject("Start game/6 welcome screens/Next"), 0): Tapped on element 'Object Repository/Start game/6 welcome screens/Next'

2021-12-08 11:40:14 - [MESSAGE][WARNING] - Timeout '0' is invalid. Using default page load timeout: '30'

2021-12-08 11:40:15 - [MESSAGE][PASSED] - Tapped on element 'Object Repository/Start game/6 welcome screens/Next'

2021-12-08 11:40:15 - [TEST_STEP][PASSED] - tap(findTestObject("Start game/6 welcome screens/Next"), 0): Tapped on element 'Object Repository/Start game/6 welcome screens/Next'

2021-12-08 11:40:15 - [MESSAGE][WARNING] - Timeout '0' is invalid. Using default page load timeout: '30'

2021-12-08 11:40:16 - [MESSAGE][PASSED] - Tapped on element 'Object Repository/Start game/6 welcome screens/Next'

2021-12-08 11:40:16 - [TEST_STEP][PASSED] - tap(findTestObject("Start game/6 welcome screens/Next"), 0): Tapped on element 'Object Repository/Start game/6 welcome screens/Next'

2021-12-08 11:40:16 - [MESSAGE][WARNING] - Timeout '0' is invalid. Using default page load timeout: '30'

2021-12-08 11:40:18 - [MESSAGE][PASSED] - Tapped on element 'Object Repository/Start game/6 welcome screens/Next'

2021-12-08 11:40:18 - [TEST_STEP][PASSED] - tap(findTestObject("Start game/6 welcome screens/Close"), 0): Tapped on element 'Object Repository/Start game/6 welcome screens/Close'

2021-12-08 11:40:18 - [MESSAGE][WARNING] - Timeout '0' is invalid. Using default page load timeout: '30'

2021-12-08 11:40:18 - [MESSAGE][PASSED] - Tapped on element 'Object Repository/Start game/6 welcome screens/Close']]></system-out>
         <system-err><![CDATA[]]></system-err>
      </testcase>
      <testcase name="Test Cases/Start page/Play for real" time="1.499" classname="Test Cases/Start page/Play for real" status="PASSED">
         <system-out><![CDATA[2021-12-08 11:40:18 - [TEST_CASE][PASSED] - Test Cases/Start page/Play for real: Test Cases/Start page/Play for real

2021-12-08 11:40:18 - [TEST_STEP][PASSED] - tap(findTestObject("Start game/6 welcome screens/Lets Go"), 0): Tapped on element 'Object Repository/Start game/6 welcome screens/Lets Go'

2021-12-08 11:40:18 - [MESSAGE][WARNING] - Timeout '0' is invalid. Using default page load timeout: '30'

2021-12-08 11:40:20 - [MESSAGE][PASSED] - Tapped on element 'Object Repository/Start game/6 welcome screens/Lets Go']]></system-out>
         <system-err><![CDATA[]]></system-err>
      </testcase>
      <testcase name="Test Cases/Reret user" time="6.191" classname="Test Cases/Reret user" status="PASSED">
         <system-out><![CDATA[2021-12-08 11:40:20 - [TEST_CASE][PASSED] - Test Cases/Reret user: Test Cases/Reret user

2021-12-08 11:40:20 - [TEST_STEP][PASSED] - tap(findTestObject("Reset user/Profile"), 0): Tapped on element 'Object Repository/Reset user/Profile'

2021-12-08 11:40:20 - [MESSAGE][WARNING] - Timeout '0' is invalid. Using default page load timeout: '30'

2021-12-08 11:40:21 - [MESSAGE][PASSED] - Tapped on element 'Object Repository/Reset user/Profile'

2021-12-08 11:40:21 - [TEST_STEP][PASSED] - tap(findTestObject("Reset user/Dev menu"), 0): Tapped on element 'Object Repository/Reset user/Dev menu'

2021-12-08 11:40:21 - [MESSAGE][WARNING] - Timeout '0' is invalid. Using default page load timeout: '30'

2021-12-08 11:40:22 - [MESSAGE][PASSED] - Tapped on element 'Object Repository/Reset user/Dev menu'

2021-12-08 11:40:22 - [TEST_STEP][PASSED] - tap(findTestObject("Reset user/RESET ACCOUNT"), 0): Tapped on element 'Object Repository/Reset user/RESET ACCOUNT'

2021-12-08 11:40:22 - [MESSAGE][WARNING] - Timeout '0' is invalid. Using default page load timeout: '30'

2021-12-08 11:40:23 - [MESSAGE][PASSED] - Tapped on element 'Object Repository/Reset user/RESET ACCOUNT'

2021-12-08 11:40:23 - [TEST_STEP][PASSED] - tap(findTestObject("Reset user/Reset"), 0): Tapped on element 'Object Repository/Reset user/Reset'

2021-12-08 11:40:23 - [MESSAGE][WARNING] - Timeout '0' is invalid. Using default page load timeout: '30'

2021-12-08 11:40:26 - [MESSAGE][PASSED] - Tapped on element 'Object Repository/Reset user/Reset']]></system-out>
         <system-err><![CDATA[]]></system-err>
      </testcase>
      <system-out><![CDATA[2021-12-08 11:39:31 - [TEST_SUITE][PASSED] - Sing in and reset user: Test Cases/Reret user]]></system-out>
      <system-err><![CDATA[]]></system-err>
   </testsuite>
</testsuites>
